

Started GET "/assets/rails.png" for 127.0.0.1 at 2012-11-23 09:32:17 +0800
Connecting to database specified by database.yml

Mysql2::Error (Unknown database 'groupdate_development'):
  mysql2 (0.3.11) lib/mysql2/client.rb:44:in `connect'
  mysql2 (0.3.11) lib/mysql2/client.rb:44:in `initialize'
  activerecord (3.2.8) lib/active_record/connection_adapters/mysql2_adapter.rb:16:in `new'
  activerecord (3.2.8) lib/active_record/connection_adapters/mysql2_adapter.rb:16:in `mysql2_connection'
  activerecord (3.2.8) lib/active_record/connection_adapters/abstract/connection_pool.rb:309:in `new_connection'
  activerecord (3.2.8) lib/active_record/connection_adapters/abstract/connection_pool.rb:319:in `checkout_new_connection'
  activerecord (3.2.8) lib/active_record/connection_adapters/abstract/connection_pool.rb:241:in `block (2 levels) in checkout'
  activerecord (3.2.8) lib/active_record/connection_adapters/abstract/connection_pool.rb:236:in `loop'
  activerecord (3.2.8) lib/active_record/connection_adapters/abstract/connection_pool.rb:236:in `block in checkout'
  /usr/local/ruby/lib/ruby/1.9.1/monitor.rb:201:in `mon_synchronize'
  activerecord (3.2.8) lib/active_record/connection_adapters/abstract/connection_pool.rb:233:in `checkout'
  activerecord (3.2.8) lib/active_record/connection_adapters/abstract/connection_pool.rb:96:in `block in connection'
  /usr/local/ruby/lib/ruby/1.9.1/monitor.rb:201:in `mon_synchronize'
  activerecord (3.2.8) lib/active_record/connection_adapters/abstract/connection_pool.rb:95:in `connection'
  activerecord (3.2.8) lib/active_record/connection_adapters/abstract/connection_pool.rb:404:in `retrieve_connection'
  activerecord (3.2.8) lib/active_record/connection_adapters/abstract/connection_specification.rb:170:in `retrieve_connection'
  activerecord (3.2.8) lib/active_record/connection_adapters/abstract/connection_specification.rb:144:in `connection'
  activerecord (3.2.8) lib/active_record/query_cache.rb:67:in `rescue in call'
  activerecord (3.2.8) lib/active_record/query_cache.rb:61:in `call'
  activerecord (3.2.8) lib/active_record/connection_adapters/abstract/connection_pool.rb:473:in `call'
  actionpack (3.2.8) lib/action_dispatch/middleware/callbacks.rb:28:in `block in call'
  activesupport (3.2.8) lib/active_support/callbacks.rb:405:in `_run__4481709327558321880__call__2045021987736802119__callbacks'
  activesupport (3.2.8) lib/active_support/callbacks.rb:405:in `__run_callback'
  activesupport (3.2.8) lib/active_support/callbacks.rb:385:in `_run_call_callbacks'
  activesupport (3.2.8) lib/active_support/callbacks.rb:81:in `run_callbacks'
  actionpack (3.2.8) lib/action_dispatch/middleware/callbacks.rb:27:in `call'
  actionpack (3.2.8) lib/action_dispatch/middleware/reloader.rb:65:in `call'
  actionpack (3.2.8) lib/action_dispatch/middleware/remote_ip.rb:31:in `call'
  actionpack (3.2.8) lib/action_dispatch/middleware/debug_exceptions.rb:16:in `call'
  actionpack (3.2.8) lib/action_dispatch/middleware/show_exceptions.rb:56:in `call'
  railties (3.2.8) lib/rails/rack/logger.rb:26:in `call_app'
  railties (3.2.8) lib/rails/rack/logger.rb:16:in `call'
  actionpack (3.2.8) lib/action_dispatch/middleware/request_id.rb:22:in `call'
  rack (1.4.1) lib/rack/methodoverride.rb:21:in `call'
  rack (1.4.1) lib/rack/runtime.rb:17:in `call'
  activesupport (3.2.8) lib/active_support/cache/strategy/local_cache.rb:72:in `call'
  rack (1.4.1) lib/rack/lock.rb:15:in `call'
  actionpack (3.2.8) lib/action_dispatch/middleware/static.rb:62:in `call'
  railties (3.2.8) lib/rails/engine.rb:479:in `call'
  railties (3.2.8) lib/rails/application.rb:223:in `call'
  rack (1.4.1) lib/rack/content_length.rb:14:in `call'
  rack (1.4.1) lib/rack/handler/webrick.rb:59:in `service'
  /usr/local/ruby/lib/ruby/1.9.1/webrick/httpserver.rb:111:in `service'
  /usr/local/ruby/lib/ruby/1.9.1/webrick/httpserver.rb:70:in `run'
  /usr/local/ruby/lib/ruby/1.9.1/webrick/server.rb:183:in `block in start_thread'


  Rendered /usr/local/ruby/lib/ruby/gems/1.9.1/gems/actionpack-3.2.8/lib/action_dispatch/middleware/templates/rescues/_trace.erb (1.2ms)
  Rendered /usr/local/ruby/lib/ruby/gems/1.9.1/gems/actionpack-3.2.8/lib/action_dispatch/middleware/templates/rescues/_request_and_response.erb (7.7ms)
  Rendered /usr/local/ruby/lib/ruby/gems/1.9.1/gems/actionpack-3.2.8/lib/action_dispatch/middleware/templates/rescues/diagnostics.erb within rescues/layout (25.5ms)


Started GET "/rails/info/properties" for 127.0.0.1 at 2012-11-23 09:32:18 +0800

Mysql2::Error (Unknown database 'groupdate_development'):
  mysql2 (0.3.11) lib/mysql2/client.rb:44:in `connect'
  mysql2 (0.3.11) lib/mysql2/client.rb:44:in `initialize'
  activerecord (3.2.8) lib/active_record/connection_adapters/mysql2_adapter.rb:16:in `new'
  activerecord (3.2.8) lib/active_record/connection_adapters/mysql2_adapter.rb:16:in `mysql2_connection'
  activerecord (3.2.8) lib/active_record/connection_adapters/abstract/connection_pool.rb:309:in `new_connection'
  activerecord (3.2.8) lib/active_record/connection_adapters/abstract/connection_pool.rb:319:in `checkout_new_connection'
  activerecord (3.2.8) lib/active_record/connection_adapters/abstract/connection_pool.rb:241:in `block (2 levels) in checkout'
  activerecord (3.2.8) lib/active_record/connection_adapters/abstract/connection_pool.rb:236:in `loop'
  activerecord (3.2.8) lib/active_record/connection_adapters/abstract/connection_pool.rb:236:in `block in checkout'
  /usr/local/ruby/lib/ruby/1.9.1/monitor.rb:201:in `mon_synchronize'
  activerecord (3.2.8) lib/active_record/connection_adapters/abstract/connection_pool.rb:233:in `checkout'
  activerecord (3.2.8) lib/active_record/connection_adapters/abstract/connection_pool.rb:96:in `block in connection'
  /usr/local/ruby/lib/ruby/1.9.1/monitor.rb:201:in `mon_synchronize'
  activerecord (3.2.8) lib/active_record/connection_adapters/abstract/connection_pool.rb:95:in `connection'
  activerecord (3.2.8) lib/active_record/connection_adapters/abstract/connection_pool.rb:404:in `retrieve_connection'
  activerecord (3.2.8) lib/active_record/connection_adapters/abstract/connection_specification.rb:170:in `retrieve_connection'
  activerecord (3.2.8) lib/active_record/connection_adapters/abstract/connection_specification.rb:144:in `connection'
  activerecord (3.2.8) lib/active_record/query_cache.rb:67:in `rescue in call'
  activerecord (3.2.8) lib/active_record/query_cache.rb:61:in `call'
  activerecord (3.2.8) lib/active_record/connection_adapters/abstract/connection_pool.rb:473:in `call'
  actionpack (3.2.8) lib/action_dispatch/middleware/callbacks.rb:28:in `block in call'
  activesupport (3.2.8) lib/active_support/callbacks.rb:405:in `_run__4481709327558321880__call__2045021987736802119__callbacks'
  activesupport (3.2.8) lib/active_support/callbacks.rb:405:in `__run_callback'
  activesupport (3.2.8) lib/active_support/callbacks.rb:385:in `_run_call_callbacks'
  activesupport (3.2.8) lib/active_support/callbacks.rb:81:in `run_callbacks'
  actionpack (3.2.8) lib/action_dispatch/middleware/callbacks.rb:27:in `call'
  actionpack (3.2.8) lib/action_dispatch/middleware/reloader.rb:65:in `call'
  actionpack (3.2.8) lib/action_dispatch/middleware/remote_ip.rb:31:in `call'
  actionpack (3.2.8) lib/action_dispatch/middleware/debug_exceptions.rb:16:in `call'
  actionpack (3.2.8) lib/action_dispatch/middleware/show_exceptions.rb:56:in `call'
  railties (3.2.8) lib/rails/rack/logger.rb:26:in `call_app'
  railties (3.2.8) lib/rails/rack/logger.rb:16:in `call'
  actionpack (3.2.8) lib/action_dispatch/middleware/request_id.rb:22:in `call'
  rack (1.4.1) lib/rack/methodoverride.rb:21:in `call'
  rack (1.4.1) lib/rack/runtime.rb:17:in `call'
  activesupport (3.2.8) lib/active_support/cache/strategy/local_cache.rb:72:in `call'
  rack (1.4.1) lib/rack/lock.rb:15:in `call'
  actionpack (3.2.8) lib/action_dispatch/middleware/static.rb:62:in `call'
  railties (3.2.8) lib/rails/engine.rb:479:in `call'
  railties (3.2.8) lib/rails/application.rb:223:in `call'
  rack (1.4.1) lib/rack/content_length.rb:14:in `call'
  rack (1.4.1) lib/rack/handler/webrick.rb:59:in `service'
  /usr/local/ruby/lib/ruby/1.9.1/webrick/httpserver.rb:111:in `service'
  /usr/local/ruby/lib/ruby/1.9.1/webrick/httpserver.rb:70:in `run'
  /usr/local/ruby/lib/ruby/1.9.1/webrick/server.rb:183:in `block in start_thread'


  Rendered /usr/local/ruby/lib/ruby/gems/1.9.1/gems/actionpack-3.2.8/lib/action_dispatch/middleware/templates/rescues/_trace.erb (1.5ms)
  Rendered /usr/local/ruby/lib/ruby/gems/1.9.1/gems/actionpack-3.2.8/lib/action_dispatch/middleware/templates/rescues/_request_and_response.erb (1.0ms)
  Rendered /usr/local/ruby/lib/ruby/gems/1.9.1/gems/actionpack-3.2.8/lib/action_dispatch/middleware/templates/rescues/diagnostics.erb within rescues/layout (8.3ms)
Connecting to database specified by database.yml


Started GET "/assets/rails.png" for 127.0.0.1 at 2012-11-23 09:33:56 +0800

Mysql2::Error (Unknown database 'groupdate_development'):
  mysql2 (0.3.11) lib/mysql2/client.rb:44:in `connect'
  mysql2 (0.3.11) lib/mysql2/client.rb:44:in `initialize'
  activerecord (3.2.8) lib/active_record/connection_adapters/mysql2_adapter.rb:16:in `new'
  activerecord (3.2.8) lib/active_record/connection_adapters/mysql2_adapter.rb:16:in `mysql2_connection'
  activerecord (3.2.8) lib/active_record/connection_adapters/abstract/connection_pool.rb:309:in `new_connection'
  activerecord (3.2.8) lib/active_record/connection_adapters/abstract/connection_pool.rb:319:in `checkout_new_connection'
  activerecord (3.2.8) lib/active_record/connection_adapters/abstract/connection_pool.rb:241:in `block (2 levels) in checkout'
  activerecord (3.2.8) lib/active_record/connection_adapters/abstract/connection_pool.rb:236:in `loop'
  activerecord (3.2.8) lib/active_record/connection_adapters/abstract/connection_pool.rb:236:in `block in checkout'
  /usr/local/ruby/lib/ruby/1.9.1/monitor.rb:201:in `mon_synchronize'
  activerecord (3.2.8) lib/active_record/connection_adapters/abstract/connection_pool.rb:233:in `checkout'
  activerecord (3.2.8) lib/active_record/connection_adapters/abstract/connection_pool.rb:96:in `block in connection'
  /usr/local/ruby/lib/ruby/1.9.1/monitor.rb:201:in `mon_synchronize'
  activerecord (3.2.8) lib/active_record/connection_adapters/abstract/connection_pool.rb:95:in `connection'
  activerecord (3.2.8) lib/active_record/connection_adapters/abstract/connection_pool.rb:404:in `retrieve_connection'
  activerecord (3.2.8) lib/active_record/connection_adapters/abstract/connection_specification.rb:170:in `retrieve_connection'
  activerecord (3.2.8) lib/active_record/connection_adapters/abstract/connection_specification.rb:144:in `connection'
  activerecord (3.2.8) lib/active_record/query_cache.rb:67:in `rescue in call'
  activerecord (3.2.8) lib/active_record/query_cache.rb:61:in `call'
  activerecord (3.2.8) lib/active_record/connection_adapters/abstract/connection_pool.rb:473:in `call'
  actionpack (3.2.8) lib/action_dispatch/middleware/callbacks.rb:28:in `block in call'
  activesupport (3.2.8) lib/active_support/callbacks.rb:405:in `_run__4481709327558321880__call__2045021987736802119__callbacks'
  activesupport (3.2.8) lib/active_support/callbacks.rb:405:in `__run_callback'
  activesupport (3.2.8) lib/active_support/callbacks.rb:385:in `_run_call_callbacks'
  activesupport (3.2.8) lib/active_support/callbacks.rb:81:in `run_callbacks'
  actionpack (3.2.8) lib/action_dispatch/middleware/callbacks.rb:27:in `call'
  actionpack (3.2.8) lib/action_dispatch/middleware/reloader.rb:65:in `call'
  actionpack (3.2.8) lib/action_dispatch/middleware/remote_ip.rb:31:in `call'
  actionpack (3.2.8) lib/action_dispatch/middleware/debug_exceptions.rb:16:in `call'
  actionpack (3.2.8) lib/action_dispatch/middleware/show_exceptions.rb:56:in `call'
  railties (3.2.8) lib/rails/rack/logger.rb:26:in `call_app'
  railties (3.2.8) lib/rails/rack/logger.rb:16:in `call'
  actionpack (3.2.8) lib/action_dispatch/middleware/request_id.rb:22:in `call'
  rack (1.4.1) lib/rack/methodoverride.rb:21:in `call'
  rack (1.4.1) lib/rack/runtime.rb:17:in `call'
  activesupport (3.2.8) lib/active_support/cache/strategy/local_cache.rb:72:in `call'
  rack (1.4.1) lib/rack/lock.rb:15:in `call'
  actionpack (3.2.8) lib/action_dispatch/middleware/static.rb:62:in `call'
  railties (3.2.8) lib/rails/engine.rb:479:in `call'
  railties (3.2.8) lib/rails/application.rb:223:in `call'
  rack (1.4.1) lib/rack/content_length.rb:14:in `call'
  rack (1.4.1) lib/rack/handler/webrick.rb:59:in `service'
  /usr/local/ruby/lib/ruby/1.9.1/webrick/httpserver.rb:111:in `service'
  /usr/local/ruby/lib/ruby/1.9.1/webrick/httpserver.rb:70:in `run'
  /usr/local/ruby/lib/ruby/1.9.1/webrick/server.rb:183:in `block in start_thread'


  Rendered /usr/local/ruby/lib/ruby/gems/1.9.1/gems/actionpack-3.2.8/lib/action_dispatch/middleware/templates/rescues/_trace.erb (1.5ms)
  Rendered /usr/local/ruby/lib/ruby/gems/1.9.1/gems/actionpack-3.2.8/lib/action_dispatch/middleware/templates/rescues/_request_and_response.erb (0.9ms)
  Rendered /usr/local/ruby/lib/ruby/gems/1.9.1/gems/actionpack-3.2.8/lib/action_dispatch/middleware/templates/rescues/diagnostics.erb within rescues/layout (9.3ms)


Started GET "/rails/info/properties" for 127.0.0.1 at 2012-11-23 09:33:58 +0800

Mysql2::Error (Unknown database 'groupdate_development'):
  mysql2 (0.3.11) lib/mysql2/client.rb:44:in `connect'
  mysql2 (0.3.11) lib/mysql2/client.rb:44:in `initialize'
  activerecord (3.2.8) lib/active_record/connection_adapters/mysql2_adapter.rb:16:in `new'
  activerecord (3.2.8) lib/active_record/connection_adapters/mysql2_adapter.rb:16:in `mysql2_connection'
  activerecord (3.2.8) lib/active_record/connection_adapters/abstract/connection_pool.rb:309:in `new_connection'
  activerecord (3.2.8) lib/active_record/connection_adapters/abstract/connection_pool.rb:319:in `checkout_new_connection'
  activerecord (3.2.8) lib/active_record/connection_adapters/abstract/connection_pool.rb:241:in `block (2 levels) in checkout'
  activerecord (3.2.8) lib/active_record/connection_adapters/abstract/connection_pool.rb:236:in `loop'
  activerecord (3.2.8) lib/active_record/connection_adapters/abstract/connection_pool.rb:236:in `block in checkout'
  /usr/local/ruby/lib/ruby/1.9.1/monitor.rb:201:in `mon_synchronize'
  activerecord (3.2.8) lib/active_record/connection_adapters/abstract/connection_pool.rb:233:in `checkout'
  activerecord (3.2.8) lib/active_record/connection_adapters/abstract/connection_pool.rb:96:in `block in connection'
  /usr/local/ruby/lib/ruby/1.9.1/monitor.rb:201:in `mon_synchronize'
  activerecord (3.2.8) lib/active_record/connection_adapters/abstract/connection_pool.rb:95:in `connection'
  activerecord (3.2.8) lib/active_record/connection_adapters/abstract/connection_pool.rb:404:in `retrieve_connection'
  activerecord (3.2.8) lib/active_record/connection_adapters/abstract/connection_specification.rb:170:in `retrieve_connection'
  activerecord (3.2.8) lib/active_record/connection_adapters/abstract/connection_specification.rb:144:in `connection'
  activerecord (3.2.8) lib/active_record/query_cache.rb:67:in `rescue in call'
  activerecord (3.2.8) lib/active_record/query_cache.rb:61:in `call'
  activerecord (3.2.8) lib/active_record/connection_adapters/abstract/connection_pool.rb:473:in `call'
  actionpack (3.2.8) lib/action_dispatch/middleware/callbacks.rb:28:in `block in call'
  activesupport (3.2.8) lib/active_support/callbacks.rb:405:in `_run__4481709327558321880__call__2045021987736802119__callbacks'
  activesupport (3.2.8) lib/active_support/callbacks.rb:405:in `__run_callback'
  activesupport (3.2.8) lib/active_support/callbacks.rb:385:in `_run_call_callbacks'
  activesupport (3.2.8) lib/active_support/callbacks.rb:81:in `run_callbacks'
  actionpack (3.2.8) lib/action_dispatch/middleware/callbacks.rb:27:in `call'
  actionpack (3.2.8) lib/action_dispatch/middleware/reloader.rb:65:in `call'
  actionpack (3.2.8) lib/action_dispatch/middleware/remote_ip.rb:31:in `call'
  actionpack (3.2.8) lib/action_dispatch/middleware/debug_exceptions.rb:16:in `call'
  actionpack (3.2.8) lib/action_dispatch/middleware/show_exceptions.rb:56:in `call'
  railties (3.2.8) lib/rails/rack/logger.rb:26:in `call_app'
  railties (3.2.8) lib/rails/rack/logger.rb:16:in `call'
  actionpack (3.2.8) lib/action_dispatch/middleware/request_id.rb:22:in `call'
  rack (1.4.1) lib/rack/methodoverride.rb:21:in `call'
  rack (1.4.1) lib/rack/runtime.rb:17:in `call'
  activesupport (3.2.8) lib/active_support/cache/strategy/local_cache.rb:72:in `call'
  rack (1.4.1) lib/rack/lock.rb:15:in `call'
  actionpack (3.2.8) lib/action_dispatch/middleware/static.rb:62:in `call'
  railties (3.2.8) lib/rails/engine.rb:479:in `call'
  railties (3.2.8) lib/rails/application.rb:223:in `call'
  rack (1.4.1) lib/rack/content_length.rb:14:in `call'
  rack (1.4.1) lib/rack/handler/webrick.rb:59:in `service'
  /usr/local/ruby/lib/ruby/1.9.1/webrick/httpserver.rb:111:in `service'
  /usr/local/ruby/lib/ruby/1.9.1/webrick/httpserver.rb:70:in `run'
  /usr/local/ruby/lib/ruby/1.9.1/webrick/server.rb:183:in `block in start_thread'


  Rendered /usr/local/ruby/lib/ruby/gems/1.9.1/gems/actionpack-3.2.8/lib/action_dispatch/middleware/templates/rescues/_trace.erb (2.0ms)
  Rendered /usr/local/ruby/lib/ruby/gems/1.9.1/gems/actionpack-3.2.8/lib/action_dispatch/middleware/templates/rescues/_request_and_response.erb (1.0ms)
  Rendered /usr/local/ruby/lib/ruby/gems/1.9.1/gems/actionpack-3.2.8/lib/action_dispatch/middleware/templates/rescues/diagnostics.erb within rescues/layout (10.2ms)


Started GET "/assets/rails.png" for 127.0.0.1 at 2012-11-23 09:35:45 +0800
Served asset /rails.png - 200 OK (5ms)


Started GET "/rails/info/properties" for 127.0.0.1 at 2012-11-23 09:35:47 +0800
Processing by Rails::InfoController#properties as HTML
  Rendered inline template (0.3ms)
Completed 200 OK in 1ms (Views: 1.0ms | ActiveRecord: 0.0ms)


Started GET "/assets/rails.png" for 127.0.0.1 at 2012-11-23 09:45:55 +0800
Served asset /rails.png - 304 Not Modified (0ms)


Started GET "/assets/rails.png" for 127.0.0.1 at 2012-11-23 10:39:47 +0800
Connecting to database specified by database.yml
Served asset /rails.png - 304 Not Modified (2ms)


Started GET "/rails/info/properties" for 127.0.0.1 at 2012-11-23 10:39:49 +0800
Processing by Rails::InfoController#properties as HTML
  Rendered inline template (13.5ms)
Completed 200 OK in 49ms (Views: 48.8ms | ActiveRecord: 0.0ms)


Started GET "/static_pages/home" for 127.0.0.1 at 2012-11-23 10:58:37 +0800
Processing by StaticPagesController#home as HTML
  Rendered static_pages/home.html.erb within layouts/application (0.3ms)
Compiled bootstrap-responsive.css  (0ms)  (pid 4125)
Compiled bootstrap-responsive.min.css  (0ms)  (pid 4125)
Compiled bootstrap.css  (0ms)  (pid 4125)
Compiled bootstrap.min.css  (0ms)  (pid 4125)
Compiled static_pages.css  (19ms)  (pid 4125)
Compiled application.css  (75ms)  (pid 4125)
Compiled jquery.js  (4ms)  (pid 4125)
Compiled jquery_ujs.js  (0ms)  (pid 4125)
Compiled bootstrap.js  (0ms)  (pid 4125)
Compiled bootstrap.min.js  (21ms)  (pid 4125)
Compiled static_pages.js  (83ms)  (pid 4125)
Compiled application.js  (140ms)  (pid 4125)
Completed 200 OK in 276ms (Views: 275.3ms | ActiveRecord: 0.0ms)


Started GET "/assets/application.css?body=1" for 127.0.0.1 at 2012-11-23 10:58:38 +0800
Served asset /application.css - 304 Not Modified (51ms)


Started GET "/assets/bootstrap-responsive.css?body=1" for 127.0.0.1 at 2012-11-23 10:58:38 +0800
Served asset /bootstrap-responsive.css - 304 Not Modified (4ms)


Started GET "/assets/bootstrap-responsive.min.css?body=1" for 127.0.0.1 at 2012-11-23 10:58:38 +0800
Served asset /bootstrap-responsive.min.css - 304 Not Modified (2ms)


Started GET "/assets/bootstrap.min.css?body=1" for 127.0.0.1 at 2012-11-23 10:58:38 +0800
Served asset /bootstrap.min.css - 200 OK (6ms)


Started GET "/assets/bootstrap.css?body=1" for 127.0.0.1 at 2012-11-23 10:58:38 +0800
Served asset /bootstrap.css - 200 OK (6ms)


Started GET "/assets/static_pages.css?body=1" for 127.0.0.1 at 2012-11-23 10:58:38 +0800
Served asset /static_pages.css - 304 Not Modified (28ms)


Started GET "/assets/jquery_ujs.js?body=1" for 127.0.0.1 at 2012-11-23 10:58:38 +0800
Served asset /jquery_ujs.js - 304 Not Modified (2ms)


Started GET "/assets/jquery.js?body=1" for 127.0.0.1 at 2012-11-23 10:58:38 +0800
Served asset /jquery.js - 304 Not Modified (7ms)


Started GET "/assets/bootstrap.js?body=1" for 127.0.0.1 at 2012-11-23 10:58:38 +0800
Served asset /bootstrap.js - 304 Not Modified (1ms)


Started GET "/assets/bootstrap.min.js?body=1" for 127.0.0.1 at 2012-11-23 10:58:38 +0800
Served asset /bootstrap.min.js - 304 Not Modified (3ms)


Started GET "/assets/static_pages.js?body=1" for 127.0.0.1 at 2012-11-23 10:58:38 +0800
Served asset /static_pages.js - 304 Not Modified (2ms)


Started GET "/assets/application.js?body=1" for 127.0.0.1 at 2012-11-23 10:58:38 +0800
Served asset /application.js - 304 Not Modified (10ms)


Started GET "/img/glyphicons-halflings.png" for 127.0.0.1 at 2012-11-23 10:58:38 +0800

ActionController::RoutingError (No route matches [GET] "/img/glyphicons-halflings.png"):
  actionpack (3.2.8) lib/action_dispatch/middleware/debug_exceptions.rb:21:in `call'
  actionpack (3.2.8) lib/action_dispatch/middleware/show_exceptions.rb:56:in `call'
  railties (3.2.8) lib/rails/rack/logger.rb:26:in `call_app'
  railties (3.2.8) lib/rails/rack/logger.rb:16:in `call'
  actionpack (3.2.8) lib/action_dispatch/middleware/request_id.rb:22:in `call'
  rack (1.4.1) lib/rack/methodoverride.rb:21:in `call'
  rack (1.4.1) lib/rack/runtime.rb:17:in `call'
  activesupport (3.2.8) lib/active_support/cache/strategy/local_cache.rb:72:in `call'
  rack (1.4.1) lib/rack/lock.rb:15:in `call'
  actionpack (3.2.8) lib/action_dispatch/middleware/static.rb:62:in `call'
  railties (3.2.8) lib/rails/engine.rb:479:in `call'
  railties (3.2.8) lib/rails/application.rb:223:in `call'
  rack (1.4.1) lib/rack/content_length.rb:14:in `call'
  rack (1.4.1) lib/rack/handler/webrick.rb:59:in `service'
  /usr/local/ruby/lib/ruby/1.9.1/webrick/httpserver.rb:111:in `service'
  /usr/local/ruby/lib/ruby/1.9.1/webrick/httpserver.rb:70:in `run'
  /usr/local/ruby/lib/ruby/1.9.1/webrick/server.rb:183:in `block in start_thread'


  Rendered /usr/local/ruby/lib/ruby/gems/1.9.1/gems/actionpack-3.2.8/lib/action_dispatch/middleware/templates/rescues/routing_error.erb within rescues/layout (0.9ms)


Started GET "/static_pages/home" for 127.0.0.1 at 2012-11-23 11:00:10 +0800
Processing by StaticPagesController#home as HTML
  Rendered static_pages/home.html.erb within layouts/application (0.0ms)
Compiled groupdate.css  (0ms)  (pid 4125)
Compiled application.css  (7ms)  (pid 4125)
Completed 200 OK in 58ms (Views: 58.0ms | ActiveRecord: 0.0ms)


Started GET "/assets/application.css?body=1" for 127.0.0.1 at 2012-11-23 11:00:10 +0800
Served asset /application.css - 304 Not Modified (25ms)


Started GET "/assets/bootstrap.css?body=1" for 127.0.0.1 at 2012-11-23 11:00:10 +0800
Served asset /bootstrap.css - 304 Not Modified (4ms)


Started GET "/assets/bootstrap-responsive.min.css?body=1" for 127.0.0.1 at 2012-11-23 11:00:10 +0800
Served asset /bootstrap-responsive.min.css - 304 Not Modified (0ms)


Started GET "/assets/bootstrap-responsive.css?body=1" for 127.0.0.1 at 2012-11-23 11:00:10 +0800
Served asset /bootstrap-responsive.css - 304 Not Modified (0ms)


Started GET "/assets/bootstrap.min.css?body=1" for 127.0.0.1 at 2012-11-23 11:00:10 +0800
Served asset /bootstrap.min.css - 304 Not Modified (2ms)


Started GET "/assets/groupdate.css?body=1" for 127.0.0.1 at 2012-11-23 11:00:10 +0800
Served asset /groupdate.css - 200 OK (1ms)


Started GET "/assets/static_pages.css?body=1" for 127.0.0.1 at 2012-11-23 11:00:10 +0800
Served asset /static_pages.css - 304 Not Modified (0ms)


Started GET "/assets/jquery.js?body=1" for 127.0.0.1 at 2012-11-23 11:00:10 +0800
Served asset /jquery.js - 304 Not Modified (0ms)


Started GET "/assets/jquery_ujs.js?body=1" for 127.0.0.1 at 2012-11-23 11:00:10 +0800
Served asset /jquery_ujs.js - 304 Not Modified (0ms)


Started GET "/assets/bootstrap.js?body=1" for 127.0.0.1 at 2012-11-23 11:00:10 +0800
Served asset /bootstrap.js - 304 Not Modified (0ms)


Started GET "/assets/bootstrap.min.js?body=1" for 127.0.0.1 at 2012-11-23 11:00:10 +0800
Served asset /bootstrap.min.js - 304 Not Modified (0ms)


Started GET "/assets/static_pages.js?body=1" for 127.0.0.1 at 2012-11-23 11:00:10 +0800
Served asset /static_pages.js - 304 Not Modified (0ms)


Started GET "/assets/application.js?body=1" for 127.0.0.1 at 2012-11-23 11:00:10 +0800
Served asset /application.js - 304 Not Modified (1ms)


Started GET "/img/glyphicons-halflings.png" for 127.0.0.1 at 2012-11-23 11:00:10 +0800

ActionController::RoutingError (No route matches [GET] "/img/glyphicons-halflings.png"):
  actionpack (3.2.8) lib/action_dispatch/middleware/debug_exceptions.rb:21:in `call'
  actionpack (3.2.8) lib/action_dispatch/middleware/show_exceptions.rb:56:in `call'
  railties (3.2.8) lib/rails/rack/logger.rb:26:in `call_app'
  railties (3.2.8) lib/rails/rack/logger.rb:16:in `call'
  actionpack (3.2.8) lib/action_dispatch/middleware/request_id.rb:22:in `call'
  rack (1.4.1) lib/rack/methodoverride.rb:21:in `call'
  rack (1.4.1) lib/rack/runtime.rb:17:in `call'
  activesupport (3.2.8) lib/active_support/cache/strategy/local_cache.rb:72:in `call'
  rack (1.4.1) lib/rack/lock.rb:15:in `call'
  actionpack (3.2.8) lib/action_dispatch/middleware/static.rb:62:in `call'
  railties (3.2.8) lib/rails/engine.rb:479:in `call'
  railties (3.2.8) lib/rails/application.rb:223:in `call'
  rack (1.4.1) lib/rack/content_length.rb:14:in `call'
  rack (1.4.1) lib/rack/handler/webrick.rb:59:in `service'
  /usr/local/ruby/lib/ruby/1.9.1/webrick/httpserver.rb:111:in `service'
  /usr/local/ruby/lib/ruby/1.9.1/webrick/httpserver.rb:70:in `run'
  /usr/local/ruby/lib/ruby/1.9.1/webrick/server.rb:183:in `block in start_thread'


  Rendered /usr/local/ruby/lib/ruby/gems/1.9.1/gems/actionpack-3.2.8/lib/action_dispatch/middleware/templates/rescues/routing_error.erb within rescues/layout (0.7ms)


Started GET "/static_pages/homepage.html" for 127.0.0.1 at 2012-11-23 11:01:44 +0800

ActionController::RoutingError (No route matches [GET] "/static_pages/homepage.html"):
  actionpack (3.2.8) lib/action_dispatch/middleware/debug_exceptions.rb:21:in `call'
  actionpack (3.2.8) lib/action_dispatch/middleware/show_exceptions.rb:56:in `call'
  railties (3.2.8) lib/rails/rack/logger.rb:26:in `call_app'
  railties (3.2.8) lib/rails/rack/logger.rb:16:in `call'
  actionpack (3.2.8) lib/action_dispatch/middleware/request_id.rb:22:in `call'
  rack (1.4.1) lib/rack/methodoverride.rb:21:in `call'
  rack (1.4.1) lib/rack/runtime.rb:17:in `call'
  activesupport (3.2.8) lib/active_support/cache/strategy/local_cache.rb:72:in `call'
  rack (1.4.1) lib/rack/lock.rb:15:in `call'
  actionpack (3.2.8) lib/action_dispatch/middleware/static.rb:62:in `call'
  railties (3.2.8) lib/rails/engine.rb:479:in `call'
  railties (3.2.8) lib/rails/application.rb:223:in `call'
  rack (1.4.1) lib/rack/content_length.rb:14:in `call'
  rack (1.4.1) lib/rack/handler/webrick.rb:59:in `service'
  /usr/local/ruby/lib/ruby/1.9.1/webrick/httpserver.rb:111:in `service'
  /usr/local/ruby/lib/ruby/1.9.1/webrick/httpserver.rb:70:in `run'
  /usr/local/ruby/lib/ruby/1.9.1/webrick/server.rb:183:in `block in start_thread'


  Rendered /usr/local/ruby/lib/ruby/gems/1.9.1/gems/actionpack-3.2.8/lib/action_dispatch/middleware/templates/rescues/routing_error.erb within rescues/layout (1.0ms)


Started GET "/static_pages/home" for 127.0.0.1 at 2012-11-23 11:10:40 +0800
Processing by StaticPagesController#home as HTML
  Rendered static_pages/home.html.erb within layouts/application (0.0ms)
Completed 200 OK in 12ms (Views: 12.2ms | ActiveRecord: 0.0ms)


Started GET "/assets/application.css?body=1" for 127.0.0.1 at 2012-11-23 11:10:40 +0800
Served asset /application.css - 304 Not Modified (3ms)


Started GET "/assets/bootstrap.min.css?body=1" for 127.0.0.1 at 2012-11-23 11:10:40 +0800
Served asset /bootstrap.min.css - 304 Not Modified (6ms)


Started GET "/assets/bootstrap-responsive.css?body=1" for 127.0.0.1 at 2012-11-23 11:10:40 +0800
Served asset /bootstrap-responsive.css - 304 Not Modified (0ms)


Started GET "/assets/static_pages.css?body=1" for 127.0.0.1 at 2012-11-23 11:10:40 +0800
Served asset /static_pages.css - 304 Not Modified (0ms)


Started GET "/assets/bootstrap.css?body=1" for 127.0.0.1 at 2012-11-23 11:10:40 +0800
Served asset /bootstrap.css - 304 Not Modified (0ms)


Started GET "/assets/groupdate.css?body=1" for 127.0.0.1 at 2012-11-23 11:10:40 +0800
Served asset /groupdate.css - 304 Not Modified (0ms)


Started GET "/assets/bootstrap-responsive.min.css?body=1" for 127.0.0.1 at 2012-11-23 11:10:40 +0800
Served asset /bootstrap-responsive.min.css - 304 Not Modified (0ms)


Started GET "/assets/jquery_ujs.js?body=1" for 127.0.0.1 at 2012-11-23 11:10:40 +0800
Served asset /jquery_ujs.js - 304 Not Modified (3ms)


Started GET "/assets/jquery.js?body=1" for 127.0.0.1 at 2012-11-23 11:10:40 +0800
Served asset /jquery.js - 304 Not Modified (1ms)


Started GET "/assets/bootstrap.js?body=1" for 127.0.0.1 at 2012-11-23 11:10:40 +0800
Served asset /bootstrap.js - 304 Not Modified (0ms)


Started GET "/assets/bootstrap.min.js?body=1" for 127.0.0.1 at 2012-11-23 11:10:40 +0800
Served asset /bootstrap.min.js - 304 Not Modified (0ms)


Started GET "/assets/static_pages.js?body=1" for 127.0.0.1 at 2012-11-23 11:10:40 +0800
Served asset /static_pages.js - 304 Not Modified (0ms)


Started GET "/assets/application.js?body=1" for 127.0.0.1 at 2012-11-23 11:10:40 +0800
Served asset /application.js - 304 Not Modified (1ms)


Started GET "/static_pages/home" for 127.0.0.1 at 2012-11-23 11:15:41 +0800
Processing by StaticPagesController#home as HTML
  Rendered static_pages/home.html.erb within layouts/application (0.0ms)
Completed 200 OK in 9ms (Views: 8.3ms | ActiveRecord: 0.0ms)


Started GET "/assets/application.css?body=1" for 127.0.0.1 at 2012-11-23 11:15:41 +0800
Served asset /application.css - 304 Not Modified (15ms)


Started GET "/assets/bootstrap-responsive.css?body=1" for 127.0.0.1 at 2012-11-23 11:15:41 +0800
Served asset /bootstrap-responsive.css - 304 Not Modified (0ms)


Started GET "/assets/bootstrap.css?body=1" for 127.0.0.1 at 2012-11-23 11:15:41 +0800
Served asset /bootstrap.css - 304 Not Modified (0ms)


Started GET "/assets/bootstrap-responsive.min.css?body=1" for 127.0.0.1 at 2012-11-23 11:15:41 +0800
Served asset /bootstrap-responsive.min.css - 304 Not Modified (0ms)


Started GET "/assets/groupdate.css?body=1" for 127.0.0.1 at 2012-11-23 11:15:41 +0800
Served asset /groupdate.css - 304 Not Modified (0ms)


Started GET "/assets/bootstrap.min.css?body=1" for 127.0.0.1 at 2012-11-23 11:15:41 +0800
Served asset /bootstrap.min.css - 304 Not Modified (3ms)


Started GET "/assets/static_pages.css?body=1" for 127.0.0.1 at 2012-11-23 11:15:41 +0800
Served asset /static_pages.css - 304 Not Modified (0ms)


Started GET "/assets/jquery.js?body=1" for 127.0.0.1 at 2012-11-23 11:15:41 +0800
Served asset /jquery.js - 304 Not Modified (2ms)


Started GET "/assets/jquery_ujs.js?body=1" for 127.0.0.1 at 2012-11-23 11:15:41 +0800
Served asset /jquery_ujs.js - 304 Not Modified (0ms)


Started GET "/assets/bootstrap.js?body=1" for 127.0.0.1 at 2012-11-23 11:15:41 +0800
Served asset /bootstrap.js - 304 Not Modified (0ms)


Started GET "/assets/bootstrap.min.js?body=1" for 127.0.0.1 at 2012-11-23 11:15:41 +0800
Served asset /bootstrap.min.js - 304 Not Modified (0ms)


Started GET "/assets/static_pages.js?body=1" for 127.0.0.1 at 2012-11-23 11:15:41 +0800
Served asset /static_pages.js - 304 Not Modified (0ms)


Started GET "/assets/application.js?body=1" for 127.0.0.1 at 2012-11-23 11:15:41 +0800
Served asset /application.js - 304 Not Modified (1ms)


Started GET "/static_pages/home" for 127.0.0.1 at 2012-11-23 11:18:15 +0800
Processing by StaticPagesController#home as HTML
  Rendered static_pages/home.html.erb within layouts/application (0.0ms)
Completed 200 OK in 12ms (Views: 11.4ms | ActiveRecord: 0.0ms)


Started GET "/assets/application.css?body=1" for 127.0.0.1 at 2012-11-23 11:18:15 +0800
Served asset /application.css - 304 Not Modified (6ms)


Started GET "/assets/bootstrap-responsive.css?body=1" for 127.0.0.1 at 2012-11-23 11:18:15 +0800
Served asset /bootstrap-responsive.css - 304 Not Modified (0ms)


Started GET "/assets/bootstrap.css?body=1" for 127.0.0.1 at 2012-11-23 11:18:15 +0800
Served asset /bootstrap.css - 304 Not Modified (0ms)


Started GET "/assets/bootstrap.min.css?body=1" for 127.0.0.1 at 2012-11-23 11:18:15 +0800
Served asset /bootstrap.min.css - 304 Not Modified (0ms)


Started GET "/assets/groupdate.css?body=1" for 127.0.0.1 at 2012-11-23 11:18:15 +0800
Served asset /groupdate.css - 304 Not Modified (0ms)


Started GET "/assets/bootstrap-responsive.min.css?body=1" for 127.0.0.1 at 2012-11-23 11:18:15 +0800
Served asset /bootstrap-responsive.min.css - 304 Not Modified (0ms)


Started GET "/assets/static_pages.css?body=1" for 127.0.0.1 at 2012-11-23 11:18:15 +0800
Served asset /static_pages.css - 304 Not Modified (0ms)


Started GET "/assets/jquery.js?body=1" for 127.0.0.1 at 2012-11-23 11:18:15 +0800
Served asset /jquery.js - 304 Not Modified (2ms)


Started GET "/assets/jquery_ujs.js?body=1" for 127.0.0.1 at 2012-11-23 11:18:15 +0800
Served asset /jquery_ujs.js - 304 Not Modified (0ms)


Started GET "/assets/bootstrap.js?body=1" for 127.0.0.1 at 2012-11-23 11:18:15 +0800
Served asset /bootstrap.js - 304 Not Modified (0ms)


Started GET "/assets/static_pages.js?body=1" for 127.0.0.1 at 2012-11-23 11:18:15 +0800
Served asset /static_pages.js - 304 Not Modified (0ms)


Started GET "/assets/bootstrap.min.js?body=1" for 127.0.0.1 at 2012-11-23 11:18:15 +0800
Served asset /bootstrap.min.js - 304 Not Modified (0ms)


Started GET "/assets/application.js?body=1" for 127.0.0.1 at 2012-11-23 11:18:15 +0800
Served asset /application.js - 304 Not Modified (1ms)


Started GET "/static_pages/home" for 127.0.0.1 at 2012-11-23 11:21:10 +0800
Processing by StaticPagesController#home as HTML
  Rendered static_pages/home.html.erb within layouts/application (0.0ms)
Completed 200 OK in 10ms (Views: 10.2ms | ActiveRecord: 0.0ms)


Started GET "/assets/application.css?body=1" for 127.0.0.1 at 2012-11-23 11:21:10 +0800
Served asset /application.css - 304 Not Modified (19ms)


Started GET "/assets/bootstrap-responsive.css?body=1" for 127.0.0.1 at 2012-11-23 11:21:10 +0800
Served asset /bootstrap-responsive.css - 304 Not Modified (0ms)


Started GET "/assets/bootstrap.css?body=1" for 127.0.0.1 at 2012-11-23 11:21:10 +0800
Served asset /bootstrap.css - 304 Not Modified (1ms)


Started GET "/assets/bootstrap-responsive.min.css?body=1" for 127.0.0.1 at 2012-11-23 11:21:10 +0800
Served asset /bootstrap-responsive.min.css - 304 Not Modified (0ms)


Started GET "/assets/bootstrap.min.css?body=1" for 127.0.0.1 at 2012-11-23 11:21:10 +0800
Served asset /bootstrap.min.css - 304 Not Modified (2ms)


Started GET "/assets/groupdate.css?body=1" for 127.0.0.1 at 2012-11-23 11:21:10 +0800
Served asset /groupdate.css - 304 Not Modified (0ms)


Started GET "/assets/static_pages.css?body=1" for 127.0.0.1 at 2012-11-23 11:21:10 +0800
Served asset /static_pages.css - 304 Not Modified (0ms)


Started GET "/assets/jquery.js?body=1" for 127.0.0.1 at 2012-11-23 11:21:10 +0800
Served asset /jquery.js - 304 Not Modified (1ms)


Started GET "/assets/jquery_ujs.js?body=1" for 127.0.0.1 at 2012-11-23 11:21:10 +0800
Served asset /jquery_ujs.js - 304 Not Modified (0ms)


Started GET "/assets/bootstrap.js?body=1" for 127.0.0.1 at 2012-11-23 11:21:10 +0800
Served asset /bootstrap.js - 304 Not Modified (0ms)


Started GET "/assets/bootstrap.min.js?body=1" for 127.0.0.1 at 2012-11-23 11:21:10 +0800
Served asset /bootstrap.min.js - 304 Not Modified (0ms)


Started GET "/assets/static_pages.js?body=1" for 127.0.0.1 at 2012-11-23 11:21:10 +0800
Served asset /static_pages.js - 304 Not Modified (0ms)


Started GET "/assets/application.js?body=1" for 127.0.0.1 at 2012-11-23 11:21:10 +0800
Served asset /application.js - 304 Not Modified (1ms)


Started GET "/static_pages/home" for 127.0.0.1 at 2012-11-23 11:21:12 +0800
Processing by StaticPagesController#home as HTML
  Rendered static_pages/home.html.erb within layouts/application (0.0ms)
Completed 200 OK in 8ms (Views: 7.4ms | ActiveRecord: 0.0ms)


Started GET "/assets/bootstrap-responsive.min.css?body=1" for 127.0.0.1 at 2012-11-23 11:21:12 +0800
Served asset /bootstrap-responsive.min.css - 304 Not Modified (0ms)


Started GET "/assets/bootstrap-responsive.css?body=1" for 127.0.0.1 at 2012-11-23 11:21:12 +0800
Served asset /bootstrap-responsive.css - 304 Not Modified (0ms)


Started GET "/assets/application.css?body=1" for 127.0.0.1 at 2012-11-23 11:21:12 +0800
Served asset /application.css - 304 Not Modified (3ms)


Started GET "/assets/groupdate.css?body=1" for 127.0.0.1 at 2012-11-23 11:21:12 +0800
Served asset /groupdate.css - 304 Not Modified (0ms)


Started GET "/assets/bootstrap.css?body=1" for 127.0.0.1 at 2012-11-23 11:21:12 +0800
Served asset /bootstrap.css - 304 Not Modified (4ms)


Started GET "/assets/bootstrap.min.css?body=1" for 127.0.0.1 at 2012-11-23 11:21:12 +0800
Served asset /bootstrap.min.css - 304 Not Modified (2ms)


Started GET "/assets/static_pages.css?body=1" for 127.0.0.1 at 2012-11-23 11:21:12 +0800
Served asset /static_pages.css - 304 Not Modified (2ms)


Started GET "/assets/jquery.js?body=1" for 127.0.0.1 at 2012-11-23 11:21:12 +0800
Served asset /jquery.js - 304 Not Modified (3ms)


Started GET "/assets/jquery_ujs.js?body=1" for 127.0.0.1 at 2012-11-23 11:21:12 +0800
Served asset /jquery_ujs.js - 304 Not Modified (0ms)


Started GET "/assets/bootstrap.js?body=1" for 127.0.0.1 at 2012-11-23 11:21:12 +0800
Served asset /bootstrap.js - 304 Not Modified (0ms)


Started GET "/assets/bootstrap.min.js?body=1" for 127.0.0.1 at 2012-11-23 11:21:12 +0800
Served asset /bootstrap.min.js - 304 Not Modified (0ms)


Started GET "/assets/static_pages.js?body=1" for 127.0.0.1 at 2012-11-23 11:21:12 +0800
Served asset /static_pages.js - 304 Not Modified (0ms)


Started GET "/assets/application.js?body=1" for 127.0.0.1 at 2012-11-23 11:21:12 +0800
Served asset /application.js - 304 Not Modified (1ms)


Started GET "/static_pages/home" for 127.0.0.1 at 2012-11-23 11:55:09 +0800
Processing by StaticPagesController#home as HTML
  Rendered static_pages/home.html.erb within layouts/application (0.0ms)
Completed 200 OK in 12ms (Views: 11.9ms | ActiveRecord: 0.0ms)


Started GET "/assets/application.css?body=1" for 127.0.0.1 at 2012-11-23 11:55:09 +0800
Served asset /application.css - 304 Not Modified (18ms)


Started GET "/assets/bootstrap-responsive.css?body=1" for 127.0.0.1 at 2012-11-23 11:55:09 +0800
Served asset /bootstrap-responsive.css - 304 Not Modified (0ms)


Started GET "/assets/bootstrap-responsive.min.css?body=1" for 127.0.0.1 at 2012-11-23 11:55:09 +0800
Served asset /bootstrap-responsive.min.css - 304 Not Modified (0ms)


Started GET "/assets/bootstrap.css?body=1" for 127.0.0.1 at 2012-11-23 11:55:09 +0800
Served asset /bootstrap.css - 304 Not Modified (2ms)


Started GET "/assets/groupdate.css?body=1" for 127.0.0.1 at 2012-11-23 11:55:09 +0800
Served asset /groupdate.css - 304 Not Modified (0ms)


Started GET "/assets/bootstrap.min.css?body=1" for 127.0.0.1 at 2012-11-23 11:55:09 +0800
Served asset /bootstrap.min.css - 304 Not Modified (0ms)


Started GET "/assets/static_pages.css?body=1" for 127.0.0.1 at 2012-11-23 11:55:09 +0800
Served asset /static_pages.css - 304 Not Modified (0ms)


Started GET "/assets/jquery.js?body=1" for 127.0.0.1 at 2012-11-23 11:55:09 +0800
Served asset /jquery.js - 304 Not Modified (3ms)


Started GET "/assets/jquery_ujs.js?body=1" for 127.0.0.1 at 2012-11-23 11:55:09 +0800
Served asset /jquery_ujs.js - 304 Not Modified (0ms)


Started GET "/assets/bootstrap.js?body=1" for 127.0.0.1 at 2012-11-23 11:55:09 +0800
Served asset /bootstrap.js - 304 Not Modified (0ms)


Started GET "/assets/bootstrap.min.js?body=1" for 127.0.0.1 at 2012-11-23 11:55:09 +0800
Served asset /bootstrap.min.js - 304 Not Modified (0ms)


Started GET "/assets/static_pages.js?body=1" for 127.0.0.1 at 2012-11-23 11:55:09 +0800
Served asset /static_pages.js - 304 Not Modified (0ms)


Started GET "/assets/application.js?body=1" for 127.0.0.1 at 2012-11-23 11:55:09 +0800
Served asset /application.js - 304 Not Modified (2ms)


Started GET "/static_pages/home" for 127.0.0.1 at 2012-11-23 12:01:30 +0800
Processing by StaticPagesController#home as HTML
  Rendered static_pages/home.html.erb within layouts/application (0.0ms)
Completed 200 OK in 11ms (Views: 10.6ms | ActiveRecord: 0.0ms)


Started GET "/assets/application.css?body=1" for 127.0.0.1 at 2012-11-23 12:01:30 +0800
Served asset /application.css - 304 Not Modified (10ms)


Started GET "/assets/bootstrap-responsive.css?body=1" for 127.0.0.1 at 2012-11-23 12:01:30 +0800
Served asset /bootstrap-responsive.css - 304 Not Modified (0ms)


Started GET "/assets/bootstrap-responsive.min.css?body=1" for 127.0.0.1 at 2012-11-23 12:01:30 +0800
Served asset /bootstrap-responsive.min.css - 304 Not Modified (0ms)


Started GET "/assets/bootstrap.css?body=1" for 127.0.0.1 at 2012-11-23 12:01:30 +0800
Served asset /bootstrap.css - 304 Not Modified (3ms)


Started GET "/assets/bootstrap.min.css?body=1" for 127.0.0.1 at 2012-11-23 12:01:30 +0800
Served asset /bootstrap.min.css - 304 Not Modified (2ms)


Started GET "/assets/static_pages.css?body=1" for 127.0.0.1 at 2012-11-23 12:01:30 +0800
Served asset /static_pages.css - 304 Not Modified (0ms)


Started GET "/assets/jquery.js?body=1" for 127.0.0.1 at 2012-11-23 12:01:30 +0800
Served asset /jquery.js - 304 Not Modified (3ms)


Started GET "/assets/groupdate.css?body=1" for 127.0.0.1 at 2012-11-23 12:01:30 +0800
Served asset /groupdate.css - 304 Not Modified (0ms)


Started GET "/assets/jquery_ujs.js?body=1" for 127.0.0.1 at 2012-11-23 12:01:30 +0800
Served asset /jquery_ujs.js - 304 Not Modified (0ms)


Started GET "/assets/bootstrap.js?body=1" for 127.0.0.1 at 2012-11-23 12:01:30 +0800
Served asset /bootstrap.js - 304 Not Modified (0ms)


Started GET "/assets/bootstrap.min.js?body=1" for 127.0.0.1 at 2012-11-23 12:01:30 +0800
Served asset /bootstrap.min.js - 304 Not Modified (0ms)


Started GET "/assets/static_pages.js?body=1" for 127.0.0.1 at 2012-11-23 12:01:30 +0800
Served asset /static_pages.js - 304 Not Modified (0ms)


Started GET "/assets/application.js?body=1" for 127.0.0.1 at 2012-11-23 12:01:30 +0800
Served asset /application.js - 304 Not Modified (1ms)


Started GET "/static_pages/home" for 127.0.0.1 at 2012-11-23 12:05:45 +0800
Processing by StaticPagesController#home as HTML
  Rendered static_pages/home.html.erb within layouts/application (0.0ms)
Completed 200 OK in 9ms (Views: 9.1ms | ActiveRecord: 0.0ms)


Started GET "/assets/application.css?body=1" for 127.0.0.1 at 2012-11-23 12:05:45 +0800
Served asset /application.css - 304 Not Modified (4ms)


Started GET "/assets/bootstrap-responsive.css?body=1" for 127.0.0.1 at 2012-11-23 12:05:45 +0800
Served asset /bootstrap-responsive.css - 304 Not Modified (0ms)


Started GET "/assets/static_pages.css?body=1" for 127.0.0.1 at 2012-11-23 12:05:45 +0800
Served asset /static_pages.css - 304 Not Modified (0ms)


Started GET "/assets/bootstrap-responsive.min.css?body=1" for 127.0.0.1 at 2012-11-23 12:05:45 +0800
Served asset /bootstrap-responsive.min.css - 304 Not Modified (0ms)


Started GET "/assets/bootstrap.css?body=1" for 127.0.0.1 at 2012-11-23 12:05:45 +0800
Served asset /bootstrap.css - 304 Not Modified (0ms)


Started GET "/assets/bootstrap.min.css?body=1" for 127.0.0.1 at 2012-11-23 12:05:45 +0800
Served asset /bootstrap.min.css - 304 Not Modified (4ms)


Started GET "/assets/groupdate.css?body=1" for 127.0.0.1 at 2012-11-23 12:05:45 +0800
Served asset /groupdate.css - 304 Not Modified (0ms)


Started GET "/assets/jquery_ujs.js?body=1" for 127.0.0.1 at 2012-11-23 12:05:45 +0800
Served asset /jquery_ujs.js - 304 Not Modified (0ms)


Started GET "/assets/jquery.js?body=1" for 127.0.0.1 at 2012-11-23 12:05:45 +0800
Served asset /jquery.js - 304 Not Modified (4ms)


Started GET "/assets/bootstrap.js?body=1" for 127.0.0.1 at 2012-11-23 12:05:45 +0800
Served asset /bootstrap.js - 304 Not Modified (0ms)


Started GET "/assets/bootstrap.min.js?body=1" for 127.0.0.1 at 2012-11-23 12:05:45 +0800
Served asset /bootstrap.min.js - 304 Not Modified (0ms)


Started GET "/assets/static_pages.js?body=1" for 127.0.0.1 at 2012-11-23 12:05:45 +0800
Served asset /static_pages.js - 304 Not Modified (0ms)


Started GET "/assets/application.js?body=1" for 127.0.0.1 at 2012-11-23 12:05:45 +0800
Served asset /application.js - 304 Not Modified (2ms)


Started GET "/static_pages/home" for 127.0.0.1 at 2012-11-23 12:12:33 +0800
Processing by StaticPagesController#home as HTML
  Rendered static_pages/home.html.erb within layouts/application (0.0ms)
Completed 500 Internal Server Error in 73ms

ActionView::Template::Error (Missing partial static_pages/header, application/header with {:locale=>[:en], :formats=>[:html], :handlers=>[:erb, :builder, :coffee]}. Searched in:
  * "/home/ljm/RailsWorkspace/groupdate/app/views"
):
    7:   <%= csrf_meta_tags %>
    8: </head>
    9: <body>
    10: <%= render 'header' %>
    11: <%= yield %>
    12: </body>
    13: </html>
  app/views/layouts/application.html.erb:10:in `_app_views_layouts_application_html_erb___3794177728658727156_26728080'


  Rendered /usr/local/ruby/lib/ruby/gems/1.9.1/gems/actionpack-3.2.8/lib/action_dispatch/middleware/templates/rescues/_trace.erb (2.2ms)
  Rendered /usr/local/ruby/lib/ruby/gems/1.9.1/gems/actionpack-3.2.8/lib/action_dispatch/middleware/templates/rescues/_request_and_response.erb (1.0ms)
  Rendered /usr/local/ruby/lib/ruby/gems/1.9.1/gems/actionpack-3.2.8/lib/action_dispatch/middleware/templates/rescues/template_error.erb within rescues/layout (9.8ms)


Started GET "/static_pages/home" for 127.0.0.1 at 2012-11-23 12:13:07 +0800
Processing by StaticPagesController#home as HTML
  Rendered static_pages/home.html.erb within layouts/application (0.0ms)
Completed 500 Internal Server Error in 13ms

ActionView::Template::Error (Missing partial static_pages/header, application/header with {:locale=>[:en], :formats=>[:html], :handlers=>[:erb, :builder, :coffee]}. Searched in:
  * "/home/ljm/RailsWorkspace/groupdate/app/views"
):
    7:   <%= csrf_meta_tags %>
    8: </head>
    9: <body>
    10: <% render 'header' %>
    11: <%= yield %>
    12: </body>
    13: </html>
  app/views/layouts/application.html.erb:10:in `_app_views_layouts_application_html_erb___3794177728658727156_47859940'


  Rendered /usr/local/ruby/lib/ruby/gems/1.9.1/gems/actionpack-3.2.8/lib/action_dispatch/middleware/templates/rescues/_trace.erb (1.2ms)
  Rendered /usr/local/ruby/lib/ruby/gems/1.9.1/gems/actionpack-3.2.8/lib/action_dispatch/middleware/templates/rescues/_request_and_response.erb (1.3ms)
  Rendered /usr/local/ruby/lib/ruby/gems/1.9.1/gems/actionpack-3.2.8/lib/action_dispatch/middleware/templates/rescues/template_error.erb within rescues/layout (9.0ms)


Started GET "/static_pages/home" for 127.0.0.1 at 2012-11-23 12:17:24 +0800
Processing by StaticPagesController#home as HTML
  Rendered static_pages/home.html.erb within layouts/application (0.0ms)
Completed 500 Internal Server Error in 11ms

ActionView::Template::Error (Missing partial static_pages/header, application/header with {:locale=>[:en], :formats=>[:html], :handlers=>[:erb, :builder, :coffee]}. Searched in:
  * "/home/ljm/RailsWorkspace/groupdate/app/views"
):
    7:   <%= csrf_meta_tags %>
    8: </head>
    9: <body>
    10: <% render "header" %>
    11: <%= yield %>
    12: </body>
    13: </html>
  app/views/layouts/application.html.erb:10:in `_app_views_layouts_application_html_erb___3794177728658727156_46995660'


  Rendered /usr/local/ruby/lib/ruby/gems/1.9.1/gems/actionpack-3.2.8/lib/action_dispatch/middleware/templates/rescues/_trace.erb (1.2ms)
  Rendered /usr/local/ruby/lib/ruby/gems/1.9.1/gems/actionpack-3.2.8/lib/action_dispatch/middleware/templates/rescues/_request_and_response.erb (1.2ms)
  Rendered /usr/local/ruby/lib/ruby/gems/1.9.1/gems/actionpack-3.2.8/lib/action_dispatch/middleware/templates/rescues/template_error.erb within rescues/layout (7.8ms)


Started GET "/static_pages/home" for 127.0.0.1 at 2012-11-23 12:26:12 +0800
Processing by StaticPagesController#home as HTML
  Rendered static_pages/home.html.erb within layouts/application (0.0ms)
Completed 500 Internal Server Error in 10ms

ActionView::Template::Error (Missing partial static_pages/header, application/header with {:locale=>[:en], :formats=>[:html], :handlers=>[:erb, :builder, :coffee]}. Searched in:
  * "/home/ljm/RailsWorkspace/groupdate/app/views"
):
    7:   <%= csrf_meta_tags %>
    8: </head>
    9: <body>
    10: <% render "header" %>
    11: <%= yield %>
    12: </body>
    13: </html>
  app/views/layouts/application.html.erb:10:in `_app_views_layouts_application_html_erb___3794177728658727156_46995660'


  Rendered /usr/local/ruby/lib/ruby/gems/1.9.1/gems/actionpack-3.2.8/lib/action_dispatch/middleware/templates/rescues/_trace.erb (1.3ms)
  Rendered /usr/local/ruby/lib/ruby/gems/1.9.1/gems/actionpack-3.2.8/lib/action_dispatch/middleware/templates/rescues/_request_and_response.erb (0.9ms)
  Rendered /usr/local/ruby/lib/ruby/gems/1.9.1/gems/actionpack-3.2.8/lib/action_dispatch/middleware/templates/rescues/template_error.erb within rescues/layout (7.8ms)


Started GET "/static_pages/home" for 127.0.0.1 at 2012-11-23 12:27:51 +0800
Processing by StaticPagesController#home as HTML
  Rendered static_pages/home.html.erb within layouts/application (0.0ms)
Completed 500 Internal Server Error in 14ms

ActionView::Template::Error (Missing partial static_pages/header, application/header with {:locale=>[:en], :formats=>[:html], :handlers=>[:erb, :builder, :coffee]}. Searched in:
  * "/home/ljm/RailsWorkspace/groupdate/app/views"
):
    7:   <%= csrf_meta_tags %>
    8: </head>
    9: <body>
    10: <%= render "header" %>
    11: <%= yield %>
    12: </body>
    13: </html>
  app/views/layouts/application.html.erb:10:in `_app_views_layouts_application_html_erb___3794177728658727156_39876680'


  Rendered /usr/local/ruby/lib/ruby/gems/1.9.1/gems/actionpack-3.2.8/lib/action_dispatch/middleware/templates/rescues/_trace.erb (1.4ms)
  Rendered /usr/local/ruby/lib/ruby/gems/1.9.1/gems/actionpack-3.2.8/lib/action_dispatch/middleware/templates/rescues/_request_and_response.erb (0.9ms)
  Rendered /usr/local/ruby/lib/ruby/gems/1.9.1/gems/actionpack-3.2.8/lib/action_dispatch/middleware/templates/rescues/template_error.erb within rescues/layout (8.1ms)


Started GET "/static_pages/home" for 127.0.0.1 at 2012-11-23 12:28:31 +0800
Processing by StaticPagesController#home as HTML
  Rendered static_pages/home.html.erb within layouts/application (0.0ms)
  Rendered layouts/_header.html.erb (0.4ms)
Completed 200 OK in 9ms (Views: 8.8ms | ActiveRecord: 0.0ms)


Started GET "/assets/application.css?body=1" for 127.0.0.1 at 2012-11-23 12:28:31 +0800
Served asset /application.css - 304 Not Modified (56ms)


Started GET "/assets/bootstrap-responsive.css?body=1" for 127.0.0.1 at 2012-11-23 12:28:31 +0800
Served asset /bootstrap-responsive.css - 304 Not Modified (0ms)


Started GET "/assets/bootstrap.css?body=1" for 127.0.0.1 at 2012-11-23 12:28:31 +0800
Served asset /bootstrap.css - 304 Not Modified (4ms)


Started GET "/assets/groupdate.css?body=1" for 127.0.0.1 at 2012-11-23 12:28:31 +0800
Served asset /groupdate.css - 304 Not Modified (2ms)


Started GET "/assets/bootstrap-responsive.min.css?body=1" for 127.0.0.1 at 2012-11-23 12:28:31 +0800
Served asset /bootstrap-responsive.min.css - 304 Not Modified (0ms)


Started GET "/assets/bootstrap.min.css?body=1" for 127.0.0.1 at 2012-11-23 12:28:31 +0800
Served asset /bootstrap.min.css - 304 Not Modified (0ms)


Started GET "/assets/static_pages.css?body=1" for 127.0.0.1 at 2012-11-23 12:28:31 +0800
Served asset /static_pages.css - 304 Not Modified (2ms)


Started GET "/assets/jquery.js?body=1" for 127.0.0.1 at 2012-11-23 12:28:31 +0800
Served asset /jquery.js - 304 Not Modified (2ms)


Started GET "/assets/jquery_ujs.js?body=1" for 127.0.0.1 at 2012-11-23 12:28:31 +0800
Served asset /jquery_ujs.js - 304 Not Modified (0ms)


Started GET "/assets/bootstrap.js?body=1" for 127.0.0.1 at 2012-11-23 12:28:31 +0800
Served asset /bootstrap.js - 304 Not Modified (0ms)


Started GET "/assets/static_pages.js?body=1" for 127.0.0.1 at 2012-11-23 12:28:31 +0800
Served asset /static_pages.js - 304 Not Modified (0ms)


Started GET "/assets/bootstrap.min.js?body=1" for 127.0.0.1 at 2012-11-23 12:28:31 +0800
Served asset /bootstrap.min.js - 304 Not Modified (0ms)


Started GET "/assets/application.js?body=1" for 127.0.0.1 at 2012-11-23 12:28:31 +0800
Served asset /application.js - 304 Not Modified (1ms)
